<?xml version="1.0" encoding="UTF-8"?>
<!-- Generated by org.testng.reporters.JUnitReportReporter -->
<testsuite hostname="DESKTOP-U49T2LA" failures="0" tests="2" name="TestNGLearning.TestCase1" time="0.049" errors="0" timestamp="2021-02-21T22:17:47 IST" skipped="0">
  <testcase classname="TestNGLearning.TestCase1" name="doUserReg" time="0.028"/>
  <system-out/>
  <testcase classname="TestNGLearning.TestCase1" name="doLogin" time="0.021"/>
  <system-out>
#### -- Inside Do User Login Test of TestCase 1  </system-out>
</testsuite> <!-- TestNGLearning.TestCase1 -->
